
*** Running vivado
    with args -log lab6.vds -m64 -product Vivado -mode batch -messageDb vivado.pb -notrace -source lab6.tcl



****** Vivado v2020.1 (64-bit)
  **** SW Build 2902540 on Wed May 27 19:54:49 MDT 2020
  **** IP Build 2902112 on Wed May 27 22:43:36 MDT 2020
    ** Copyright 1986-2020 Xilinx, Inc. All Rights Reserved.

source lab6.tcl -notrace
Command: synth_design -top lab6 -part xc7a35ticsg324-1L
Starting synth_design
Attempting to get a license for feature 'Synthesis' and/or device 'xc7a35ti'
INFO: [Common 17-349] Got license for feature 'Synthesis' and/or device 'xc7a35ti'
INFO: [Device 21-403] Loading part xc7a35ticsg324-1L
INFO: [Synth 8-7079] Multithreading enabled for synth_design using a maximum of 2 processes.
INFO: [Synth 8-7078] Launching helper process for spawning children vivado processes
INFO: [Synth 8-7075] Helper process launched with PID 6452
---------------------------------------------------------------------------------
Starting RTL Elaboration : Time (s): cpu = 00:00:03 ; elapsed = 00:00:04 . Memory (MB): peak = 1014.031 ; gain = 0.000
---------------------------------------------------------------------------------
INFO: [Synth 8-6157] synthesizing module 'lab6' [C:/Users/Shlab24/Desktop/nctu-digital-circuit-lab-6/lab6/lab6.srcs/sources_1/new/lab6.v:24]
	Parameter S_MAIN_INIT bound to: 3'b000 
	Parameter S_MAIN_PROMPT bound to: 3'b001 
	Parameter S_MAIN_READ_NUM bound to: 3'b010 
	Parameter S_MAIN_REPLY bound to: 3'b101 
	Parameter S_SECOND_PROMPT bound to: 3'b011 
	Parameter S_SECOND_READ_NUM bound to: 3'b100 
	Parameter S_PRINT_RESULT bound to: 3'b110 
	Parameter S_UART_IDLE bound to: 2'b00 
	Parameter S_UART_WAIT bound to: 2'b01 
	Parameter S_UART_SEND bound to: 2'b10 
	Parameter S_UART_INCR bound to: 2'b11 
	Parameter INIT_DELAY bound to: 100000 - type: integer 
	Parameter PROMPT_STR bound to: 0 - type: integer 
	Parameter PROMPT_LEN bound to: 35 - type: integer 
	Parameter PROMPT2_STR bound to: 35 - type: integer 
	Parameter PROMPT2_LEN bound to: 36 - type: integer 
	Parameter REPLY_STR bound to: 71 - type: integer 
	Parameter REPLY_LEN bound to: 37 - type: integer 
	Parameter MEM_SIZE bound to: 108 - type: integer 
INFO: [Synth 8-6157] synthesizing module 'uart' [C:/Users/Shlab24/Desktop/nctu-digital-circuit-lab-6/lab6/lab6.srcs/sources_1/new/uart.v:31]
	Parameter CLOCK_DIVIDE bound to: 651 - type: integer 
	Parameter RX_IDLE bound to: 0 - type: integer 
	Parameter RX_CHECK_START bound to: 1 - type: integer 
	Parameter RX_READ_BITS bound to: 2 - type: integer 
	Parameter RX_CHECK_STOP bound to: 3 - type: integer 
	Parameter RX_DELAY_RESTART bound to: 4 - type: integer 
	Parameter RX_ERROR bound to: 5 - type: integer 
	Parameter RX_RECEIVED bound to: 6 - type: integer 
	Parameter TX_IDLE bound to: 0 - type: integer 
	Parameter TX_SENDING bound to: 1 - type: integer 
	Parameter TX_DELAY_RESTART bound to: 2 - type: integer 
INFO: [Synth 8-6155] done synthesizing module 'uart' (1#1) [C:/Users/Shlab24/Desktop/nctu-digital-circuit-lab-6/lab6/lab6.srcs/sources_1/new/uart.v:31]
INFO: [Synth 8-155] case statement is not full and has no default [C:/Users/Shlab24/Desktop/nctu-digital-circuit-lab-6/lab6/lab6.srcs/sources_1/new/lab6.v:133]
INFO: [Synth 8-6155] done synthesizing module 'lab6' (2#1) [C:/Users/Shlab24/Desktop/nctu-digital-circuit-lab-6/lab6/lab6.srcs/sources_1/new/lab6.v:24]
---------------------------------------------------------------------------------
Finished RTL Elaboration : Time (s): cpu = 00:00:05 ; elapsed = 00:00:05 . Memory (MB): peak = 1014.031 ; gain = 0.000
---------------------------------------------------------------------------------
---------------------------------------------------------------------------------
Start Handling Custom Attributes
---------------------------------------------------------------------------------
---------------------------------------------------------------------------------
Finished Handling Custom Attributes : Time (s): cpu = 00:00:05 ; elapsed = 00:00:06 . Memory (MB): peak = 1014.031 ; gain = 0.000
---------------------------------------------------------------------------------
---------------------------------------------------------------------------------
Finished RTL Optimization Phase 1 : Time (s): cpu = 00:00:05 ; elapsed = 00:00:06 . Memory (MB): peak = 1014.031 ; gain = 0.000
---------------------------------------------------------------------------------
Netlist sorting complete. Time (s): cpu = 00:00:00 ; elapsed = 00:00:00.018 . Memory (MB): peak = 1014.031 ; gain = 0.000
INFO: [Project 1-570] Preparing netlist for logic optimization

Processing XDC Constraints
Initializing timing engine
Parsing XDC File [C:/Users/Shlab24/Desktop/nctu-digital-circuit-lab-6/lab6/lab6.srcs/constrs_1/new/lab6.xdc]
Finished Parsing XDC File [C:/Users/Shlab24/Desktop/nctu-digital-circuit-lab-6/lab6/lab6.srcs/constrs_1/new/lab6.xdc]
INFO: [Project 1-236] Implementation specific constraints were found while reading constraint file [C:/Users/Shlab24/Desktop/nctu-digital-circuit-lab-6/lab6/lab6.srcs/constrs_1/new/lab6.xdc]. These constraints will be ignored for synthesis but will be used in implementation. Impacted constraints are listed in the file [.Xil/lab6_propImpl.xdc].
Resolution: To avoid this warning, move constraints listed in [.Xil/lab6_propImpl.xdc] to another XDC file and exclude this new file from synthesis with the used_in_synthesis property (File Properties dialog in GUI) and re-run elaboration/synthesis.
Completed Processing XDC Constraints

Netlist sorting complete. Time (s): cpu = 00:00:00 ; elapsed = 00:00:00.001 . Memory (MB): peak = 1014.031 ; gain = 0.000
INFO: [Project 1-111] Unisim Transformation Summary:
No Unisim elements were transformed.

Constraint Validation Runtime : Time (s): cpu = 00:00:00 ; elapsed = 00:00:00.011 . Memory (MB): peak = 1014.031 ; gain = 0.000
---------------------------------------------------------------------------------
Finished Constraint Validation : Time (s): cpu = 00:00:11 ; elapsed = 00:00:11 . Memory (MB): peak = 1014.031 ; gain = 0.000
---------------------------------------------------------------------------------
---------------------------------------------------------------------------------
Start Loading Part and Timing Information
---------------------------------------------------------------------------------
Loading part: xc7a35ticsg324-1L
---------------------------------------------------------------------------------
Finished Loading Part and Timing Information : Time (s): cpu = 00:00:11 ; elapsed = 00:00:11 . Memory (MB): peak = 1014.031 ; gain = 0.000
---------------------------------------------------------------------------------
---------------------------------------------------------------------------------
Start Applying 'set_property' XDC Constraints
---------------------------------------------------------------------------------
---------------------------------------------------------------------------------
Finished applying 'set_property' XDC Constraints : Time (s): cpu = 00:00:11 ; elapsed = 00:00:11 . Memory (MB): peak = 1014.031 ; gain = 0.000
---------------------------------------------------------------------------------
WARNING: [Synth 8-327] inferring latch for variable 'P_next_reg' [C:/Users/Shlab24/Desktop/nctu-digital-circuit-lab-6/lab6/lab6.srcs/sources_1/new/lab6.v:135]
---------------------------------------------------------------------------------
Finished RTL Optimization Phase 2 : Time (s): cpu = 00:00:12 ; elapsed = 00:00:12 . Memory (MB): peak = 1014.031 ; gain = 0.000
---------------------------------------------------------------------------------
---------------------------------------------------------------------------------
Start RTL Component Statistics 
---------------------------------------------------------------------------------
Detailed RTL Component Info : 
+---Adders : 
	   2 Input   32 Bit       Adders := 1     
	   2 Input   16 Bit       Adders := 1     
	   2 Input   11 Bit       Adders := 2     
	   2 Input    8 Bit       Adders := 1     
	   2 Input    7 Bit       Adders := 4     
	   2 Input    6 Bit       Adders := 2     
	   2 Input    4 Bit       Adders := 2     
	   2 Input    3 Bit       Adders := 1     
+---Registers : 
	               16 Bit    Registers := 7     
	               11 Bit    Registers := 2     
	                8 Bit    Registers := 36    
	                6 Bit    Registers := 2     
	                4 Bit    Registers := 2     
	                3 Bit    Registers := 3     
	                2 Bit    Registers := 2     
	                1 Bit    Registers := 3     
+---Muxes : 
	   2 Input   16 Bit        Muxes := 7     
	   4 Input   11 Bit        Muxes := 1     
	   2 Input   11 Bit        Muxes := 4     
	   8 Input   11 Bit        Muxes := 1     
	   4 Input    8 Bit        Muxes := 2     
	  32 Input    8 Bit        Muxes := 1     
	   2 Input    8 Bit        Muxes := 3     
	   3 Input    6 Bit        Muxes := 1     
	   2 Input    6 Bit        Muxes := 4     
	   4 Input    6 Bit        Muxes := 1     
	   2 Input    5 Bit        Muxes := 1     
	 108 Input    5 Bit        Muxes := 1     
	   4 Input    4 Bit        Muxes := 1     
	   8 Input    4 Bit        Muxes := 1     
	   3 Input    3 Bit        Muxes := 2     
	   2 Input    3 Bit        Muxes := 3     
	   7 Input    2 Bit        Muxes := 1     
	   2 Input    2 Bit        Muxes := 2     
	   3 Input    2 Bit        Muxes := 1     
	   6 Input    2 Bit        Muxes := 1     
	   4 Input    1 Bit        Muxes := 3     
	   2 Input    1 Bit        Muxes := 13    
	   8 Input    1 Bit        Muxes := 3     
	   3 Input    1 Bit        Muxes := 1     
---------------------------------------------------------------------------------
Finished RTL Component Statistics 
---------------------------------------------------------------------------------
---------------------------------------------------------------------------------
Start Part Resource Summary
---------------------------------------------------------------------------------
Part Resources:
DSPs: 90 (col length:60)
BRAMs: 100 (col length: RAMB18 60 RAMB36 30)
---------------------------------------------------------------------------------
Finished Part Resource Summary
---------------------------------------------------------------------------------
---------------------------------------------------------------------------------
Start Cross Boundary and Area Optimization
---------------------------------------------------------------------------------
---------------------------------------------------------------------------------
Finished Cross Boundary and Area Optimization : Time (s): cpu = 00:00:16 ; elapsed = 00:00:16 . Memory (MB): peak = 1014.031 ; gain = 0.000
---------------------------------------------------------------------------------
---------------------------------------------------------------------------------
Start Applying XDC Timing Constraints
---------------------------------------------------------------------------------
---------------------------------------------------------------------------------
Finished Applying XDC Timing Constraints : Time (s): cpu = 00:00:22 ; elapsed = 00:00:23 . Memory (MB): peak = 1014.031 ; gain = 0.000
---------------------------------------------------------------------------------
---------------------------------------------------------------------------------
Start Timing Optimization
---------------------------------------------------------------------------------
---------------------------------------------------------------------------------
Finished Timing Optimization : Time (s): cpu = 00:00:24 ; elapsed = 00:00:25 . Memory (MB): peak = 1014.031 ; gain = 0.000
---------------------------------------------------------------------------------
---------------------------------------------------------------------------------
Start Technology Mapping
---------------------------------------------------------------------------------
---------------------------------------------------------------------------------
Finished Technology Mapping : Time (s): cpu = 00:00:24 ; elapsed = 00:00:25 . Memory (MB): peak = 1017.641 ; gain = 3.609
---------------------------------------------------------------------------------
---------------------------------------------------------------------------------
Start IO Insertion
---------------------------------------------------------------------------------
---------------------------------------------------------------------------------
Start Flattening Before IO Insertion
---------------------------------------------------------------------------------
---------------------------------------------------------------------------------
Finished Flattening Before IO Insertion
---------------------------------------------------------------------------------
---------------------------------------------------------------------------------
Start Final Netlist Cleanup
---------------------------------------------------------------------------------
---------------------------------------------------------------------------------
Finished Final Netlist Cleanup
---------------------------------------------------------------------------------
---------------------------------------------------------------------------------
Finished IO Insertion : Time (s): cpu = 00:00:28 ; elapsed = 00:00:28 . Memory (MB): peak = 1017.641 ; gain = 3.609
---------------------------------------------------------------------------------
---------------------------------------------------------------------------------
Start Renaming Generated Instances
---------------------------------------------------------------------------------
---------------------------------------------------------------------------------
Finished Renaming Generated Instances : Time (s): cpu = 00:00:28 ; elapsed = 00:00:28 . Memory (MB): peak = 1017.641 ; gain = 3.609
---------------------------------------------------------------------------------
---------------------------------------------------------------------------------
Start Rebuilding User Hierarchy
---------------------------------------------------------------------------------
---------------------------------------------------------------------------------
Finished Rebuilding User Hierarchy : Time (s): cpu = 00:00:28 ; elapsed = 00:00:29 . Memory (MB): peak = 1017.641 ; gain = 3.609
---------------------------------------------------------------------------------
---------------------------------------------------------------------------------
Start Renaming Generated Ports
---------------------------------------------------------------------------------
---------------------------------------------------------------------------------
Finished Renaming Generated Ports : Time (s): cpu = 00:00:28 ; elapsed = 00:00:29 . Memory (MB): peak = 1017.641 ; gain = 3.609
---------------------------------------------------------------------------------
---------------------------------------------------------------------------------
Start Handling Custom Attributes
---------------------------------------------------------------------------------
---------------------------------------------------------------------------------
Finished Handling Custom Attributes : Time (s): cpu = 00:00:28 ; elapsed = 00:00:29 . Memory (MB): peak = 1017.641 ; gain = 3.609
---------------------------------------------------------------------------------
---------------------------------------------------------------------------------
Start Renaming Generated Nets
---------------------------------------------------------------------------------
---------------------------------------------------------------------------------
Finished Renaming Generated Nets : Time (s): cpu = 00:00:28 ; elapsed = 00:00:29 . Memory (MB): peak = 1017.641 ; gain = 3.609
---------------------------------------------------------------------------------
---------------------------------------------------------------------------------
Start Writing Synthesis Report
---------------------------------------------------------------------------------

Report BlackBoxes: 
+-+--------------+----------+
| |BlackBox name |Instances |
+-+--------------+----------+
+-+--------------+----------+

Report Cell Usage: 
+------+-------+------+
|      |Cell   |Count |
+------+-------+------+
|1     |BUFG   |     1|
|2     |CARRY4 |    47|
|3     |LUT1   |    83|
|4     |LUT2   |    77|
|5     |LUT3   |    62|
|6     |LUT4   |    73|
|7     |LUT5   |    45|
|8     |LUT6   |   106|
|9     |FDRE   |   223|
|10    |FDSE   |    22|
|11    |LD     |     3|
|12    |IBUF   |     3|
|13    |OBUF   |     5|
+------+-------+------+
---------------------------------------------------------------------------------
Finished Writing Synthesis Report : Time (s): cpu = 00:00:28 ; elapsed = 00:00:29 . Memory (MB): peak = 1017.641 ; gain = 3.609
---------------------------------------------------------------------------------
Synthesis finished with 0 errors, 0 critical warnings and 1 warnings.
Synthesis Optimization Runtime : Time (s): cpu = 00:00:21 ; elapsed = 00:00:27 . Memory (MB): peak = 1017.641 ; gain = 3.609
Synthesis Optimization Complete : Time (s): cpu = 00:00:28 ; elapsed = 00:00:29 . Memory (MB): peak = 1017.641 ; gain = 3.609
INFO: [Project 1-571] Translating synthesized netlist
Netlist sorting complete. Time (s): cpu = 00:00:00 ; elapsed = 00:00:00.010 . Memory (MB): peak = 1022.484 ; gain = 0.000
INFO: [Netlist 29-17] Analyzing 50 Unisim elements for replacement
INFO: [Netlist 29-28] Unisim Transformation completed in 0 CPU seconds
INFO: [Project 1-570] Preparing netlist for logic optimization
INFO: [Opt 31-138] Pushed 0 inverter(s) to 0 load pin(s).
Netlist sorting complete. Time (s): cpu = 00:00:00 ; elapsed = 00:00:00.001 . Memory (MB): peak = 1022.484 ; gain = 0.000
INFO: [Project 1-111] Unisim Transformation Summary:
  A total of 3 instances were transformed.
  LD => LDCE: 3 instances

INFO: [Common 17-83] Releasing license: Synthesis
20 Infos, 1 Warnings, 0 Critical Warnings and 0 Errors encountered.
synth_design completed successfully
synth_design: Time (s): cpu = 00:00:33 ; elapsed = 00:00:34 . Memory (MB): peak = 1022.484 ; gain = 8.453
INFO: [Common 17-1381] The checkpoint 'C:/Users/Shlab24/Desktop/nctu-digital-circuit-lab-6/lab6/lab6.runs/synth_1/lab6.dcp' has been generated.
INFO: [runtcl-4] Executing : report_utilization -file lab6_utilization_synth.rpt -pb lab6_utilization_synth.pb
INFO: [Common 17-206] Exiting Vivado at Mon Nov 16 17:35:55 2020...
